# JRE version: OpenJDK Runtime Environment (11.0.17+8) (build 11.0.17+8-post-Ubuntu-1ubuntu222.04)
# Java VM: OpenJDK 64-Bit Server VM (11.0.17+8-post-Ubuntu-1ubuntu222.04, mixed mode, sharing, tiered, compressed oops, g1 gc, linux-amd64)
Heap:
 garbage-first heap   total 303104K, used 245358K [0x0000000080000000, 0x0000000100000000)
  region size 1024K, 96 young (98304K), 12 survivors (12288K)
 Metaspace       used 133371K, capacity 137661K, committed 138020K, reserved 636928K
  class space    used 17343K, capacity 18921K, committed 19020K, reserved 516096K
GC Heap History (20 events):
Event: 260.521 GC heap after
{Heap after GC invocations=39 (full 0):
 garbage-first heap   total 195584K, used 125535K [0x0000000080000000, 0x0000000100000000)
  region size 1024K, 7 young (7168K), 7 survivors (7168K)
 Metaspace       used 106515K, capacity 110054K, committed 110372K, reserved 612352K
  class space    used 14264K, capacity 15591K, committed 15692K, reserved 516096K
}
Event: 260.908 GC heap before
{Heap before GC invocations=39 (full 0):
 garbage-first heap   total 195584K, used 161375K [0x0000000080000000, 0x0000000100000000)
  region size 1024K, 43 young (44032K), 7 survivors (7168K)
 Metaspace       used 110088K, capacity 113666K, committed 113956K, reserved 614400K
  class space    used 14558K, capacity 15870K, committed 15948K, reserved 516096K
}
Event: 260.919 GC heap after
{Heap after GC invocations=40 (full 0):
 garbage-first heap   total 235520K, used 130256K [0x0000000080000000, 0x0000000100000000)
  region size 1024K, 5 young (5120K), 5 survivors (5120K)
 Metaspace       used 110088K, capacity 113666K, committed 113956K, reserved 614400K
  class space    used 14558K, capacity 15870K, committed 15948K, reserved 516096K
}
Event: 261.201 GC heap before
{Heap before GC invocations=40 (full 0):
 garbage-first heap   total 235520K, used 183504K [0x0000000080000000, 0x0000000100000000)
  region size 1024K, 54 young (55296K), 5 survivors (5120K)
 Metaspace       used 113039K, capacity 116659K, committed 117028K, reserved 618496K
  class space    used 14849K, capacity 16153K, committed 16204K, reserved 516096K
}
Event: 261.214 GC heap after
{Heap after GC invocations=41 (full 0):
 garbage-first heap   total 235520K, used 128423K [0x0000000080000000, 0x0000000100000000)
  region size 1024K, 2 young (2048K), 2 survivors (2048K)
 Metaspace       used 113039K, capacity 116659K, committed 117028K, reserved 618496K
  class space    used 14849K, capacity 16153K, committed 16204K, reserved 516096K
}
Event: 261.592 GC heap before
{Heap before GC invocations=41 (full 0):
 garbage-first heap   total 235520K, used 192935K [0x0000000080000000, 0x0000000100000000)
  region size 1024K, 54 young (55296K), 2 survivors (2048K)
 Metaspace       used 113740K, capacity 117329K, committed 117540K, reserved 618496K
  class space    used 14879K, capacity 16190K, committed 16204K, reserved 516096K
}
Event: 261.605 GC heap after
{Heap after GC invocations=42 (full 0):
 garbage-first heap   total 235520K, used 136311K [0x0000000080000000, 0x0000000100000000)
  region size 1024K, 6 young (6144K), 6 survivors (6144K)
 Metaspace       used 113740K, capacity 117329K, committed 117540K, reserved 618496K
  class space    used 14879K, capacity 16190K, committed 16204K, reserved 516096K
}
Event: 261.810 GC heap before
{Heap before GC invocations=42 (full 0):
 garbage-first heap   total 235520K, used 192631K [0x0000000080000000, 0x0000000100000000)
  region size 1024K, 56 young (57344K), 6 survivors (6144K)
 Metaspace       used 114766K, capacity 118385K, committed 118820K, reserved 618496K
  class space    used 15005K, capacity 16344K, committed 16460K, reserved 516096K
}
Event: 261.830 GC heap after
{Heap after GC invocations=43 (full 0):
 garbage-first heap   total 235520K, used 139063K [0x0000000080000000, 0x0000000100000000)
  region size 1024K, 5 young (5120K), 5 survivors (5120K)
 Metaspace       used 114766K, capacity 118385K, committed 118820K, reserved 618496K
  class space    used 15005K, capacity 16344K, committed 16460K, reserved 516096K
}
Event: 261.982 GC heap before
{Heap before GC invocations=43 (full 0):
 garbage-first heap   total 235520K, used 188215K [0x0000000080000000, 0x0000000100000000)
  region size 1024K, 54 young (55296K), 5 survivors (5120K)
 Metaspace       used 115078K, capacity 118788K, committed 119076K, reserved 620544K
  class space    used 15031K, capacity 16413K, committed 16460K, reserved 516096K
}
Event: 261.989 GC heap after
{Heap after GC invocations=44 (full 0):
 garbage-first heap   total 303104K, used 143276K [0x0000000080000000, 0x0000000100000000)
  region size 1024K, 5 young (5120K), 5 survivors (5120K)
 Metaspace       used 115078K, capacity 118788K, committed 119076K, reserved 620544K
  class space    used 15031K, capacity 16413K, committed 16460K, reserved 516096K
}
Event: 262.159 GC heap before
{Heap before GC invocations=44 (full 0):
 garbage-first heap   total 303104K, used 218028K [0x0000000080000000, 0x0000000100000000)
  region size 1024K, 79 young (80896K), 5 survivors (5120K)
 Metaspace       used 115433K, capacity 119071K, committed 119460K, reserved 620544K
  class space    used 15085K, capacity 16464K, committed 16588K, reserved 516096K
}
Event: 262.165 GC heap after
{Heap after GC invocations=45 (full 0):
 garbage-first heap   total 303104K, used 146796K [0x0000000080000000, 0x0000000100000000)
  region size 1024K, 8 young (8192K), 8 survivors (8192K)
 Metaspace       used 115433K, capacity 119071K, committed 119460K, reserved 620544K
  class space    used 15085K, capacity 16464K, committed 16588K, reserved 516096K
}
Event: 262.329 GC heap before
{Heap before GC invocations=45 (full 0):
 garbage-first heap   total 303104K, used 227692K [0x0000000080000000, 0x0000000100000000)
  region size 1024K, 85 young (87040K), 8 survivors (8192K)
 Metaspace       used 115878K, capacity 119625K, committed 119972K, reserved 620544K
  class space    used 15130K, capacity 16515K, committed 16588K, reserved 516096K
}
Event: 262.337 GC heap after
{Heap after GC invocations=46 (full 0):
 garbage-first heap   total 303104K, used 142444K [0x0000000080000000, 0x0000000100000000)
  region size 1024K, 3 young (3072K), 3 survivors (3072K)
 Metaspace       used 115878K, capacity 119625K, committed 119972K, reserved 620544K
  class space    used 15130K, capacity 16515K, committed 16588K, reserved 516096K
}
Event: 262.964 GC heap before
{Heap before GC invocations=46 (full 0):
 garbage-first heap   total 303104K, used 234604K [0x0000000080000000, 0x0000000100000000)
  region size 1024K, 88 young (90112K), 3 survivors (3072K)
 Metaspace       used 122081K, capacity 125947K, committed 126116K, reserved 626688K
  class space    used 15910K, capacity 17344K, committed 17356K, reserved 516096K
}
Event: 262.973 GC heap after
{Heap after GC invocations=47 (full 0):
 garbage-first heap   total 303104K, used 147074K [0x0000000080000000, 0x0000000100000000)
  region size 1024K, 7 young (7168K), 7 survivors (7168K)
 Metaspace       used 122081K, capacity 125947K, committed 126116K, reserved 626688K
  class space    used 15910K, capacity 17344K, committed 17356K, reserved 516096K
}
Event: 265.937 GC heap before
{Heap before GC invocations=47 (full 0):
 garbage-first heap   total 303104K, used 239234K [0x0000000080000000, 0x0000000100000000)
  region size 1024K, 92 young (94208K), 7 survivors (7168K)
 Metaspace       used 125766K, capacity 129830K, committed 129956K, reserved 628736K
  class space    used 16308K, capacity 17811K, committed 17868K, reserved 516096K
}
Event: 265.947 GC heap after
{Heap after GC invocations=48 (full 0):
 garbage-first heap   total 303104K, used 152174K [0x0000000080000000, 0x0000000100000000)
  region size 1024K, 9 young (9216K), 9 survivors (9216K)
 Metaspace       used 125766K, capacity 129830K, committed 129956K, reserved 628736K
  class space    used 16308K, capacity 17811K, committed 17868K, reserved 516096K
}
Event: 267.195 GC heap before
{Heap before GC invocations=48 (full 0):
 garbage-first heap   total 303104K, used 244334K [0x0000000080000000, 0x0000000100000000)
  region size 1024K, 93 young (95232K), 9 survivors (9216K)
 Metaspace       used 133371K, capacity 137661K, committed 138020K, reserved 636928K
  class space    used 17343K, capacity 18921K, committed 19020K, reserved 516096K
}

