# JRE version: OpenJDK Runtime Environment (11.0.17+8) (build 11.0.17+8-post-Ubuntu-1ubuntu222.04)
# Java VM: OpenJDK 64-Bit Server VM (11.0.17+8-post-Ubuntu-1ubuntu222.04, mixed mode, sharing, tiered, compressed oops, g1 gc, linux-amd64)
Heap:
 garbage-first heap   total 365568K, used 249890K [0x0000000080000000, 0x0000000100000000)
  region size 1024K, 81 young (82944K), 10 survivors (10240K)
 Metaspace       used 112998K, capacity 116455K, committed 116684K, reserved 616448K
  class space    used 15333K, capacity 16706K, committed 16844K, reserved 516096K
GC Heap History (20 events):
Event: 11.203 GC heap after
{Heap after GC invocations=23 (full 0):
 garbage-first heap   total 226304K, used 107828K [0x0000000080000000, 0x0000000100000000)
  region size 1024K, 2 young (2048K), 2 survivors (2048K)
 Metaspace       used 93027K, capacity 96021K, committed 96076K, reserved 600064K
  class space    used 12687K, capacity 13855K, committed 13900K, reserved 516096K
}
Event: 11.417 GC heap before
{Heap before GC invocations=24 (full 0):
 garbage-first heap   total 226304K, used 154932K [0x0000000080000000, 0x0000000100000000)
  region size 1024K, 40 young (40960K), 2 survivors (2048K)
 Metaspace       used 93130K, capacity 96035K, committed 96588K, reserved 600064K
  class space    used 12644K, capacity 13757K, committed 13900K, reserved 516096K
}
Event: 11.425 GC heap after
{Heap after GC invocations=25 (full 0):
 garbage-first heap   total 226304K, used 108233K [0x0000000080000000, 0x0000000100000000)
  region size 1024K, 4 young (4096K), 4 survivors (4096K)
 Metaspace       used 93130K, capacity 96035K, committed 96588K, reserved 600064K
  class space    used 12644K, capacity 13757K, committed 13900K, reserved 516096K
}
Event: 11.789 GC heap before
{Heap before GC invocations=26 (full 0):
 garbage-first heap   total 226304K, used 180937K [0x0000000080000000, 0x0000000100000000)
  region size 1024K, 65 young (66560K), 4 survivors (4096K)
 Metaspace       used 94554K, capacity 97485K, committed 97740K, reserved 600064K
  class space    used 12745K, capacity 13863K, committed 14028K, reserved 516096K
}
Event: 11.797 GC heap after
{Heap after GC invocations=27 (full 0):
 garbage-first heap   total 226304K, used 113602K [0x0000000080000000, 0x0000000100000000)
  region size 1024K, 9 young (9216K), 9 survivors (9216K)
 Metaspace       used 94554K, capacity 97485K, committed 97740K, reserved 600064K
  class space    used 12745K, capacity 13863K, committed 14028K, reserved 516096K
}
Event: 12.019 GC heap before
{Heap before GC invocations=28 (full 0):
 garbage-first heap   total 226304K, used 188354K [0x0000000080000000, 0x0000000100000000)
  region size 1024K, 71 young (72704K), 9 survivors (9216K)
 Metaspace       used 95108K, capacity 98057K, committed 98252K, reserved 602112K
  class space    used 12803K, capacity 13902K, committed 14028K, reserved 516096K
}
Event: 12.029 GC heap after
{Heap after GC invocations=29 (full 0):
 garbage-first heap   total 226304K, used 118792K [0x0000000080000000, 0x0000000100000000)
  region size 1024K, 6 young (6144K), 6 survivors (6144K)
 Metaspace       used 95108K, capacity 98057K, committed 98252K, reserved 602112K
  class space    used 12803K, capacity 13902K, committed 14028K, reserved 516096K
}
Event: 12.118 GC heap before
{Heap before GC invocations=29 (full 0):
 garbage-first heap   total 226304K, used 130056K [0x0000000080000000, 0x0000000100000000)
  region size 1024K, 19 young (19456K), 6 survivors (6144K)
 Metaspace       used 95366K, capacity 98278K, committed 98508K, reserved 602112K
  class space    used 12829K, capacity 13945K, committed 14028K, reserved 516096K
}
Event: 12.126 GC heap after
{Heap after GC invocations=30 (full 0):
 garbage-first heap   total 272384K, used 120137K [0x0000000080000000, 0x0000000100000000)
  region size 1024K, 2 young (2048K), 2 survivors (2048K)
 Metaspace       used 95366K, capacity 98278K, committed 98508K, reserved 602112K
  class space    used 12829K, capacity 13945K, committed 14028K, reserved 516096K
}
Event: 12.394 GC heap before
{Heap before GC invocations=31 (full 0):
 garbage-first heap   total 272384K, used 168265K [0x0000000080000000, 0x0000000100000000)
  region size 1024K, 40 young (40960K), 2 survivors (2048K)
 Metaspace       used 96469K, capacity 99444K, committed 99660K, reserved 602112K
  class space    used 12982K, capacity 14095K, committed 14156K, reserved 516096K
}
Event: 12.411 GC heap after
{Heap after GC invocations=32 (full 0):
 garbage-first heap   total 272384K, used 134520K [0x0000000080000000, 0x0000000100000000)
  region size 1024K, 9 young (9216K), 9 survivors (9216K)
 Metaspace       used 96469K, capacity 99444K, committed 99660K, reserved 602112K
  class space    used 12982K, capacity 14095K, committed 14156K, reserved 516096K
}
Event: 12.676 GC heap before
{Heap before GC invocations=33 (full 0):
 garbage-first heap   total 272384K, used 183672K [0x0000000080000000, 0x0000000100000000)
  region size 1024K, 56 young (57344K), 9 survivors (9216K)
 Metaspace       used 101627K, capacity 104761K, committed 105036K, reserved 606208K
  class space    used 13678K, capacity 14871K, committed 14924K, reserved 516096K
}
Event: 12.686 GC heap after
{Heap after GC invocations=34 (full 0):
 garbage-first heap   total 272384K, used 144410K [0x0000000080000000, 0x0000000100000000)
  region size 1024K, 6 young (6144K), 6 survivors (6144K)
 Metaspace       used 101627K, capacity 104761K, committed 105036K, reserved 606208K
  class space    used 13678K, capacity 14871K, committed 14924K, reserved 516096K
}
Event: 12.929 GC heap before
{Heap before GC invocations=34 (full 0):
 garbage-first heap   total 272384K, used 235546K [0x0000000080000000, 0x0000000100000000)
  region size 1024K, 76 young (77824K), 6 survivors (6144K)
 Metaspace       used 105215K, capacity 108429K, committed 108748K, reserved 610304K
  class space    used 14205K, capacity 15461K, committed 15564K, reserved 516096K
}
Event: 12.941 GC heap after
{Heap after GC invocations=35 (full 0):
 garbage-first heap   total 272384K, used 164810K [0x0000000080000000, 0x0000000100000000)
  region size 1024K, 10 young (10240K), 10 survivors (10240K)
 Metaspace       used 105215K, capacity 108429K, committed 108748K, reserved 610304K
  class space    used 14205K, capacity 15461K, committed 15564K, reserved 516096K
}
Event: 12.986 GC heap before
{Heap before GC invocations=36 (full 0):
 garbage-first heap   total 272384K, used 180170K [0x0000000080000000, 0x0000000100000000)
  region size 1024K, 26 young (26624K), 10 survivors (10240K)
 Metaspace       used 105797K, capacity 109096K, committed 109388K, reserved 610304K
  class space    used 14285K, capacity 15576K, committed 15692K, reserved 516096K
}
Event: 13.001 GC heap after
{Heap after GC invocations=37 (full 0):
 garbage-first heap   total 272384K, used 169037K [0x0000000080000000, 0x0000000100000000)
  region size 1024K, 4 young (4096K), 4 survivors (4096K)
 Metaspace       used 105797K, capacity 109096K, committed 109388K, reserved 610304K
  class space    used 14285K, capacity 15576K, committed 15692K, reserved 516096K
}
Event: 13.121 GC heap before
{Heap before GC invocations=37 (full 0):
 garbage-first heap   total 272384K, used 207949K [0x0000000080000000, 0x0000000100000000)
  region size 1024K, 41 young (41984K), 4 survivors (4096K)
 Metaspace       used 106935K, capacity 110294K, committed 110540K, reserved 612352K
  class space    used 14481K, capacity 15785K, committed 15820K, reserved 516096K
}
Event: 13.131 GC heap after
{Heap after GC invocations=38 (full 0):
 garbage-first heap   total 365568K, used 177186K [0x0000000080000000, 0x0000000100000000)
  region size 1024K, 6 young (6144K), 6 survivors (6144K)
 Metaspace       used 106935K, capacity 110294K, committed 110540K, reserved 612352K
  class space    used 14481K, capacity 15785K, committed 15820K, reserved 516096K
}
Event: 13.517 GC heap before
{Heap before GC invocations=39 (full 0):
 garbage-first heap   total 365568K, used 248866K [0x0000000080000000, 0x0000000100000000)
  region size 1024K, 77 young (78848K), 6 survivors (6144K)
 Metaspace       used 112998K, capacity 116455K, committed 116684K, reserved 616448K
  class space    used 15333K, capacity 16706K, committed 16844K, reserved 516096K
}

