# JRE version: OpenJDK Runtime Environment (11.0.17+8) (build 11.0.17+8-post-Ubuntu-1ubuntu222.04)
# Java VM: OpenJDK 64-Bit Server VM (11.0.17+8-post-Ubuntu-1ubuntu222.04, mixed mode, sharing, tiered, compressed oops, g1 gc, linux-amd64)
Heap:
 garbage-first heap   total 191488K, used 31585K [0x0000000080000000, 0x0000000100000000)
  region size 1024K, 12 young (12288K), 10 survivors (10240K)
 Metaspace       used 34731K, capacity 35907K, committed 36096K, reserved 548864K
  class space    used 4661K, capacity 5119K, committed 5120K, reserved 516096K
GC Heap History (12 events):
Event: 0.485 GC heap before
{Heap before GC invocations=0 (full 0):
 garbage-first heap   total 126976K, used 30412K [0x0000000080000000, 0x0000000100000000)
  region size 1024K, 24 young (24576K), 0 survivors (0K)
 Metaspace       used 3315K, capacity 6158K, committed 6400K, reserved 524288K
  class space    used 431K, capacity 715K, committed 768K, reserved 516096K
}
Event: 0.495 GC heap after
{Heap after GC invocations=1 (full 0):
 garbage-first heap   total 126976K, used 9639K [0x0000000080000000, 0x0000000100000000)
  region size 1024K, 3 young (3072K), 3 survivors (3072K)
 Metaspace       used 3315K, capacity 6158K, committed 6400K, reserved 524288K
  class space    used 431K, capacity 715K, committed 768K, reserved 516096K
}
Event: 1.258 GC heap before
{Heap before GC invocations=1 (full 0):
 garbage-first heap   total 126976K, used 82343K [0x0000000080000000, 0x0000000100000000)
  region size 1024K, 73 young (74752K), 3 survivors (3072K)
 Metaspace       used 11305K, capacity 11718K, committed 12032K, reserved 526336K
  class space    used 1563K, capacity 1703K, committed 1792K, reserved 516096K
}
Event: 1.291 GC heap after
{Heap after GC invocations=2 (full 0):
 garbage-first heap   total 126976K, used 16650K [0x0000000080000000, 0x0000000100000000)
  region size 1024K, 10 young (10240K), 10 survivors (10240K)
 Metaspace       used 11305K, capacity 11718K, committed 12032K, reserved 526336K
  class space    used 1563K, capacity 1703K, committed 1792K, reserved 516096K
}
Event: 1.780 GC heap before
{Heap before GC invocations=2 (full 0):
 garbage-first heap   total 126976K, used 66826K [0x0000000080000000, 0x0000000100000000)
  region size 1024K, 59 young (60416K), 10 survivors (10240K)
 Metaspace       used 16365K, capacity 16851K, committed 17024K, reserved 530432K
  class space    used 2368K, capacity 2570K, committed 2688K, reserved 516096K
}
Event: 1.805 GC heap after
{Heap after GC invocations=3 (full 0):
 garbage-first heap   total 126976K, used 18524K [0x0000000080000000, 0x0000000100000000)
  region size 1024K, 3 young (3072K), 3 survivors (3072K)
 Metaspace       used 16365K, capacity 16851K, committed 17024K, reserved 530432K
  class space    used 2368K, capacity 2570K, committed 2688K, reserved 516096K
}
Event: 2.239 GC heap before
{Heap before GC invocations=3 (full 0):
 garbage-first heap   total 126976K, used 59484K [0x0000000080000000, 0x0000000100000000)
  region size 1024K, 44 young (45056K), 3 survivors (3072K)
 Metaspace       used 20499K, capacity 21086K, committed 21248K, reserved 534528K
  class space    used 3000K, capacity 3242K, committed 3328K, reserved 516096K
}
Event: 2.251 GC heap after
{Heap after GC invocations=4 (full 0):
 garbage-first heap   total 126976K, used 19646K [0x0000000080000000, 0x0000000100000000)
  region size 1024K, 4 young (4096K), 4 survivors (4096K)
 Metaspace       used 20499K, capacity 21086K, committed 21248K, reserved 534528K
  class space    used 3000K, capacity 3242K, committed 3328K, reserved 516096K
}
Event: 3.065 GC heap before
{Heap before GC invocations=5 (full 0):
 garbage-first heap   total 126976K, used 83134K [0x0000000080000000, 0x0000000100000000)
  region size 1024K, 66 young (67584K), 4 survivors (4096K)
 Metaspace       used 28769K, capacity 29662K, committed 30080K, reserved 542720K
  class space    used 4009K, capacity 4355K, committed 4480K, reserved 516096K
}
Event: 3.085 GC heap after
{Heap after GC invocations=6 (full 0):
 garbage-first heap   total 191488K, used 25058K [0x0000000080000000, 0x0000000100000000)
  region size 1024K, 9 young (9216K), 9 survivors (9216K)
 Metaspace       used 28769K, capacity 29662K, committed 30080K, reserved 542720K
  class space    used 4009K, capacity 4355K, committed 4480K, reserved 516096K
}
Event: 6.450 GC heap before
{Heap before GC invocations=6 (full 0):
 garbage-first heap   total 191488K, used 108002K [0x0000000080000000, 0x0000000100000000)
  region size 1024K, 88 young (90112K), 9 survivors (9216K)
 Metaspace       used 34680K, capacity 35834K, committed 35840K, reserved 546816K
  class space    used 4653K, capacity 5116K, committed 5120K, reserved 516096K
}
Event: 6.463 GC heap after
{Heap after GC invocations=7 (full 0):
 garbage-first heap   total 191488K, used 30561K [0x0000000080000000, 0x0000000100000000)
  region size 1024K, 10 young (10240K), 10 survivors (10240K)
 Metaspace       used 34680K, capacity 35834K, committed 35840K, reserved 546816K
  class space    used 4653K, capacity 5116K, committed 5120K, reserved 516096K
}

